<?xml version="1.0" encoding="UTF-8"?>
<testng-results ignored="0" total="2" passed="2" failed="0" skipped="0">
  <reporter-output>
  </reporter-output>
  <suite started-at="2023-05-05T21:47:39 WAT" name="Default suite" finished-at="2023-05-05T21:48:28 WAT" duration-ms="49356">
    <groups>
    </groups>
    <test started-at="2023-05-05T21:47:39 WAT" name="Default test" finished-at="2023-05-05T21:48:28 WAT" duration-ms="49356">
      <class name="Seleniumtrainingpackage.loginwithBeforeMethod">
        <test-method is-config="true" signature="setup()[pri:0, instance:Seleniumtrainingpackage.loginwithBeforeMethod@5fbdfdcf]" started-at="2023-05-05T21:47:39 WAT" name="setup" finished-at="2023-05-05T21:47:55 WAT" duration-ms="16513" status="PASS">
          <reporter-output>
          </reporter-output>
        </test-method> <!-- setup -->
        <test-method signature="invalidLogin()[pri:0, instance:Seleniumtrainingpackage.loginwithBeforeMethod@5fbdfdcf]" started-at="2023-05-05T21:47:55 WAT" name="invalidLogin" finished-at="2023-05-05T21:47:59 WAT" duration-ms="3397" status="PASS">
          <reporter-output>
          </reporter-output>
        </test-method> <!-- invalidLogin -->
        <test-method is-config="true" signature="afterMyTest()[pri:0, instance:Seleniumtrainingpackage.loginwithBeforeMethod@5fbdfdcf]" started-at="2023-05-05T21:47:59 WAT" name="afterMyTest" finished-at="2023-05-05T21:47:59 WAT" duration-ms="555" status="PASS">
          <reporter-output>
          </reporter-output>
        </test-method> <!-- afterMyTest -->
        <test-method is-config="true" signature="setup()[pri:0, instance:Seleniumtrainingpackage.loginwithBeforeMethod@5fbdfdcf]" started-at="2023-05-05T21:47:59 WAT" name="setup" finished-at="2023-05-05T21:48:24 WAT" duration-ms="24517" status="PASS">
          <reporter-output>
          </reporter-output>
        </test-method> <!-- setup -->
        <test-method signature="validLogin()[pri:1, instance:Seleniumtrainingpackage.loginwithBeforeMethod@5fbdfdcf]" started-at="2023-05-05T21:48:24 WAT" name="validLogin" finished-at="2023-05-05T21:48:27 WAT" duration-ms="3815" status="PASS">
          <reporter-output>
          </reporter-output>
        </test-method> <!-- validLogin -->
        <test-method is-config="true" signature="afterMyTest()[pri:0, instance:Seleniumtrainingpackage.loginwithBeforeMethod@5fbdfdcf]" started-at="2023-05-05T21:48:27 WAT" name="afterMyTest" finished-at="2023-05-05T21:48:28 WAT" duration-ms="500" status="PASS">
          <reporter-output>
          </reporter-output>
        </test-method> <!-- afterMyTest -->
      </class> <!-- Seleniumtrainingpackage.loginwithBeforeMethod -->
    </test> <!-- Default test -->
  </suite> <!-- Default suite -->
</testng-results>
